-------------------------------------------------------------------------------
Test set: org.eclipse.emfcloud.modelserver.emf.common.watchers.FileModelWatcherIntegrationTest
-------------------------------------------------------------------------------
Tests run: 1, Failures: 0, Errors: 0, Skipped: 0, Time elapsed: 2.932 s - in org.eclipse.emfcloud.modelserver.emf.common.watchers.FileModelWatcherIntegrationTest
testReconciliation(org.eclipse.emfcloud.modelserver.emf.common.watchers.FileModelWatcherIntegrationTest)  Time elapsed: 2.928 s
