-------------------------------------------------------------------------------
Test set: org.eclipse.emfcloud.modelserver.emf.patch.EMFCommandHandlerTest
-------------------------------------------------------------------------------
Tests run: 2, Failures: 0, Errors: 0, Skipped: 0, Time elapsed: 0.025 s - in org.eclipse.emfcloud.modelserver.emf.patch.EMFCommandHandlerTest
getPatchCommand_request_modelURI(org.eclipse.emfcloud.modelserver.emf.patch.EMFCommandHandlerTest)  Time elapsed: 0.015 s
getPatchCommand_socket_modelURI(org.eclipse.emfcloud.modelserver.emf.patch.EMFCommandHandlerTest)  Time elapsed: 0.002 s
