-------------------------------------------------------------------------------
Test set: org.eclipse.emfcloud.modelserver.emf.common.ModelServerRoutingV2Test
-------------------------------------------------------------------------------
Tests run: 2, Failures: 0, Errors: 0, Skipped: 0, Time elapsed: 0.167 s - in org.eclipse.emfcloud.modelserver.emf.common.ModelServerRoutingV2Test
testGetOneRejectedModelURI(org.eclipse.emfcloud.modelserver.emf.common.ModelServerRoutingV2Test)  Time elapsed: 0.162 s
testGetOne(org.eclipse.emfcloud.modelserver.emf.common.ModelServerRoutingV2Test)  Time elapsed: 0.003 s
