<?xml version="1.0" encoding="UTF-8"?>
<testsuite xmlns:xsi="http://www.w3.org/2001/XMLSchema-instance" xsi:noNamespaceSchemaLocation="https://maven.apache.org/surefire/maven-surefire-plugin/xsd/surefire-test-report.xsd" name="org.eclipse.emfcloud.modelserver.emf.common.codecs.DICodecsManagerTest" time="0.227" tests="6" errors="0" skipped="0" failures="0">
  <properties>
[...]
</properties>
  <testcase name="decode_wscontext" classname="org.eclipse.emfcloud.modelserver.emf.common.codecs.DICodecsManagerTest" time="0.2"/>
  <testcase name="decode_context" classname="org.eclipse.emfcloud.modelserver.emf.common.codecs.DICodecsManagerTest" time="0.009"/>
  <testcase name="encode_wscontext" classname="org.eclipse.emfcloud.modelserver.emf.common.codecs.DICodecsManagerTest" time="0.004"/>
  <testcase name="encode_context" classname="org.eclipse.emfcloud.modelserver.emf.common.codecs.DICodecsManagerTest" time="0.004"/>
  <testcase name="decode_wscontextWithWorkspaceURI" classname="org.eclipse.emfcloud.modelserver.emf.common.codecs.DICodecsManagerTest" time="0.004"/>
  <testcase name="decode_contextWithWorkspaceURI" classname="org.eclipse.emfcloud.modelserver.emf.common.codecs.DICodecsManagerTest" time="0.004"/>
</testsuite>