-------------------------------------------------------------------------------
Test set: org.eclipse.emfcloud.modelserver.common.tests.utils.APIVersionRangeTest
-------------------------------------------------------------------------------
Tests run: 3, Failures: 0, Errors: 0, Skipped: 0, Time elapsed: 0.002 s - in org.eclipse.emfcloud.modelserver.common.tests.utils.APIVersionRangeTest
equals(org.eclipse.emfcloud.modelserver.common.tests.utils.APIVersionRangeTest)  Time elapsed: 0 s
includes(org.eclipse.emfcloud.modelserver.common.tests.utils.APIVersionRangeTest)  Time elapsed: 0.001 s
ordering(org.eclipse.emfcloud.modelserver.common.tests.utils.APIVersionRangeTest)  Time elapsed: 0 s
