-------------------------------------------------------------------------------
Test set: org.eclipse.emfcloud.modelserver.common.tests.jsonschema.DefaultJsonSchemaConverterEPackageTest
-------------------------------------------------------------------------------
Tests run: 5, Failures: 0, Errors: 0, Skipped: 0, Time elapsed: 0.184 s - in org.eclipse.emfcloud.modelserver.common.tests.jsonschema.DefaultJsonSchemaConverterEPackageTest
createJsonSchemaFromEPackageWithEReference(org.eclipse.emfcloud.modelserver.common.tests.jsonschema.DefaultJsonSchemaConverterEPackageTest)  Time elapsed: 0.182 s
createJsonSchemaFromEPackageWithInheritedAttributes(org.eclipse.emfcloud.modelserver.common.tests.jsonschema.DefaultJsonSchemaConverterEPackageTest)  Time elapsed: 0 s
createJsonSchemaFromEPackageWithEENumEAttribute(org.eclipse.emfcloud.modelserver.common.tests.jsonschema.DefaultJsonSchemaConverterEPackageTest)  Time elapsed: 0.001 s
createJsonSchemaFromEPackageWithAbstractEClassifier(org.eclipse.emfcloud.modelserver.common.tests.jsonschema.DefaultJsonSchemaConverterEPackageTest)  Time elapsed: 0 s
createJsonSchemaFromEmptyEPackage(org.eclipse.emfcloud.modelserver.common.tests.jsonschema.DefaultJsonSchemaConverterEPackageTest)  Time elapsed: 0 s
