-------------------------------------------------------------------------------
Test set: org.eclipse.emfcloud.modelserver.common.tests.utils.APIVersionMapTest
-------------------------------------------------------------------------------
Tests run: 2, Failures: 0, Errors: 0, Skipped: 0, Time elapsed: 0.001 s - in org.eclipse.emfcloud.modelserver.common.tests.utils.APIVersionMapTest
get_nonOverlapping(org.eclipse.emfcloud.modelserver.common.tests.utils.APIVersionMapTest)  Time elapsed: 0.001 s
get_overlapping(org.eclipse.emfcloud.modelserver.common.tests.utils.APIVersionMapTest)  Time elapsed: 0 s
