-------------------------------------------------------------------------------
Test set: org.eclipse.emfcloud.modelserver.common.tests.di.AbstractModuleWithInitializersTest
-------------------------------------------------------------------------------
Tests run: 5, Failures: 0, Errors: 0, Skipped: 0, Time elapsed: 0.153 s - in org.eclipse.emfcloud.modelserver.common.tests.di.AbstractModuleWithInitializersTest
inheritedInitializerNotReannotated(org.eclipse.emfcloud.modelserver.common.tests.di.AbstractModuleWithInitializersTest)  Time elapsed: 0.126 s
overriddenInitializer(org.eclipse.emfcloud.modelserver.common.tests.di.AbstractModuleWithInitializersTest)  Time elapsed: 0.002 s
tooManyInitializers(org.eclipse.emfcloud.modelserver.common.tests.di.AbstractModuleWithInitializersTest)  Time elapsed: 0.003 s
basicInitializer(org.eclipse.emfcloud.modelserver.common.tests.di.AbstractModuleWithInitializersTest)  Time elapsed: 0.002 s
inheritedInitializer(org.eclipse.emfcloud.modelserver.common.tests.di.AbstractModuleWithInitializersTest)  Time elapsed: 0.002 s
