-------------------------------------------------------------------------------
Test set: org.eclipse.emfcloud.modelserver.client.ModelServerClientTest
-------------------------------------------------------------------------------
Tests run: 31, Failures: 0, Errors: 0, Skipped: 0, Time elapsed: 0.041 s - in org.eclipse.emfcloud.modelserver.client.ModelServerClientTest
getModelUris(org.eclipse.emfcloud.modelserver.client.ModelServerClientTest)  Time elapsed: 0.002 s
editPatch(org.eclipse.emfcloud.modelserver.client.ModelServerClientTest)  Time elapsed: 0.002 s
getTypeSchema(org.eclipse.emfcloud.modelserver.client.ModelServerClientTest)  Time elapsed: 0.001 s
editPatchFails(org.eclipse.emfcloud.modelserver.client.ModelServerClientTest)  Time elapsed: 0.001 s
create(org.eclipse.emfcloud.modelserver.client.ModelServerClientTest)  Time elapsed: 0.002 s
delete(org.eclipse.emfcloud.modelserver.client.ModelServerClientTest)  Time elapsed: 0.001 s
getAll(org.eclipse.emfcloud.modelserver.client.ModelServerClientTest)  Time elapsed: 0.001 s
getXmi(org.eclipse.emfcloud.modelserver.client.ModelServerClientTest)  Time elapsed: 0.002 s
getElementByIdXMI(org.eclipse.emfcloud.modelserver.client.ModelServerClientTest)  Time elapsed: 0.002 s
cannotRedo(org.eclipse.emfcloud.modelserver.client.ModelServerClientTest)  Time elapsed: 0 s
cannotUndo(org.eclipse.emfcloud.modelserver.client.ModelServerClientTest)  Time elapsed: 0.001 s
update(org.eclipse.emfcloud.modelserver.client.ModelServerClientTest)  Time elapsed: 0.002 s
configure(org.eclipse.emfcloud.modelserver.client.ModelServerClientTest)  Time elapsed: 0 s
updateWithUnsupportedFormat(org.eclipse.emfcloud.modelserver.client.ModelServerClientTest)  Time elapsed: 0.001 s
createModel(org.eclipse.emfcloud.modelserver.client.ModelServerClientTest)  Time elapsed: 0.002 s
pingTrue(org.eclipse.emfcloud.modelserver.client.ModelServerClientTest)  Time elapsed: 0.001 s
pingFalse(org.eclipse.emfcloud.modelserver.client.ModelServerClientTest)  Time elapsed: 0.001 s
get(org.eclipse.emfcloud.modelserver.client.ModelServerClientTest)  Time elapsed: 0.001 s
edit(org.eclipse.emfcloud.modelserver.client.ModelServerClientTest)  Time elapsed: 0.003 s
redo(org.eclipse.emfcloud.modelserver.client.ModelServerClientTest)  Time elapsed: 0 s
save(org.eclipse.emfcloud.modelserver.client.ModelServerClientTest)  Time elapsed: 0.001 s
undo(org.eclipse.emfcloud.modelserver.client.ModelServerClientTest)  Time elapsed: 0.001 s
getElementById(org.eclipse.emfcloud.modelserver.client.ModelServerClientTest)  Time elapsed: 0.001 s
close(org.eclipse.emfcloud.modelserver.client.ModelServerClientTest)  Time elapsed: 0.001 s
getElementByNameXMI(org.eclipse.emfcloud.modelserver.client.ModelServerClientTest)  Time elapsed: 0.001 s
getAllXmi(org.eclipse.emfcloud.modelserver.client.ModelServerClientTest)  Time elapsed: 0.001 s
updateWithFormat(org.eclipse.emfcloud.modelserver.client.ModelServerClientTest)  Time elapsed: 0.002 s
getUiSchema(org.eclipse.emfcloud.modelserver.client.ModelServerClientTest)  Time elapsed: 0.001 s
editNativeCommand(org.eclipse.emfcloud.modelserver.client.ModelServerClientTest)  Time elapsed: 0.002 s
getElementByName(org.eclipse.emfcloud.modelserver.client.ModelServerClientTest)  Time elapsed: 0.001 s
saveAll(org.eclipse.emfcloud.modelserver.client.ModelServerClientTest)  Time elapsed: 0.001 s
