-------------------------------------------------------------------------------
Test set: org.eclipse.emfcloud.modelserver.client.EObjectSubscriptionListenerTest
-------------------------------------------------------------------------------
Tests run: 2, Failures: 0, Errors: 0, Skipped: 0, Time elapsed: 0.784 s - in org.eclipse.emfcloud.modelserver.client.EObjectSubscriptionListenerTest
onFullUpdate(org.eclipse.emfcloud.modelserver.client.EObjectSubscriptionListenerTest)  Time elapsed: 0.291 s
onIncrementalUpdate(org.eclipse.emfcloud.modelserver.client.EObjectSubscriptionListenerTest)  Time elapsed: 0.012 s
